<?xml version="1.0" encoding="UTF-8"?>
<!-- Generated by org.testng.reporters.JUnitXMLReporter -->
<testsuite hostname="MSC-PC04L71H" ignored="0" name="Default test" tests="3" failures="0" timestamp="30 Jul 2019 16:54:24 GMT" time="0.045" errors="0">
  <testcase name="googleLogoTest" time="0.008" classname="com.test.TestNGBasics3"/>
  <testcase name="googleTitleTest" time="0.004" classname="com.test.TestNGBasics3"/>
  <testcase name="searchTest" time="0.004" classname="com.test.TestNGBasics3"/>
</testsuite> <!-- Default test -->
