<?xml version="1.0" encoding="UTF-8"?>
<testng-results skipped="0" failed="0" ignored="0" total="9" passed="9">
  <reporter-output>
  </reporter-output>
  <suite name="Google App Test Automation Suite" duration-ms="213" started-at="2019-08-06T18:19:17Z" finished-at="2019-08-06T18:19:17Z">
    <groups>
    </groups>
    <test name="Google testing unittest" duration-ms="110" started-at="2019-08-06T18:19:17Z" finished-at="2019-08-06T18:19:17Z">
      <class name="com.test.TestNGBasics">
        <test-method status="PASS" signature="launchBrowser()[pri:0, instance:com.test.TestNGBasics@1593948d]" name="launchBrowser" is-config="true" duration-ms="1" started-at="2019-08-06T18:19:17Z" finished-at="2019-08-06T18:19:17Z">
          <reporter-output>
          </reporter-output>
        </test-method> <!-- launchBrowser -->
        <test-method status="PASS" signature="launchBrowser()[pri:0, instance:com.test.TestNGBasics2@1b604f19]" name="launchBrowser" is-config="true" duration-ms="0" started-at="2019-08-06T18:19:17Z" finished-at="2019-08-06T18:19:17Z">
          <reporter-output>
          </reporter-output>
        </test-method> <!-- launchBrowser -->
        <test-method status="PASS" signature="enterURL()[pri:0, instance:com.test.TestNGBasics@1593948d]" name="enterURL" is-config="true" duration-ms="0" started-at="2019-08-06T18:19:17Z" finished-at="2019-08-06T18:19:17Z">
          <reporter-output>
          </reporter-output>
        </test-method> <!-- enterURL -->
        <test-method status="PASS" signature="login()[pri:0, instance:com.test.TestNGBasics@1593948d]" name="login" is-config="true" duration-ms="1" started-at="2019-08-06T18:19:17Z" finished-at="2019-08-06T18:19:17Z">
          <reporter-output>
          </reporter-output>
        </test-method> <!-- login -->
        <test-method status="PASS" signature="googleLogoTest()[pri:0, instance:com.test.TestNGBasics@1593948d]" name="googleLogoTest" duration-ms="12" started-at="2019-08-06T18:19:17Z" finished-at="2019-08-06T18:19:17Z">
          <reporter-output>
          </reporter-output>
        </test-method> <!-- googleLogoTest -->
        <test-method status="PASS" signature="logout()[pri:0, instance:com.test.TestNGBasics@1593948d]" name="logout" is-config="true" duration-ms="1" started-at="2019-08-06T18:19:17Z" finished-at="2019-08-06T18:19:17Z">
          <reporter-output>
          </reporter-output>
        </test-method> <!-- logout -->
        <test-method status="PASS" signature="login()[pri:0, instance:com.test.TestNGBasics@1593948d]" name="login" is-config="true" duration-ms="0" started-at="2019-08-06T18:19:17Z" finished-at="2019-08-06T18:19:17Z">
          <reporter-output>
          </reporter-output>
        </test-method> <!-- login -->
        <test-method status="PASS" signature="googleTitleTest()[pri:0, instance:com.test.TestNGBasics@1593948d]" name="googleTitleTest" duration-ms="10" started-at="2019-08-06T18:19:17Z" finished-at="2019-08-06T18:19:17Z">
          <reporter-output>
          </reporter-output>
        </test-method> <!-- googleTitleTest -->
        <test-method status="PASS" signature="logout()[pri:0, instance:com.test.TestNGBasics@1593948d]" name="logout" is-config="true" duration-ms="0" started-at="2019-08-06T18:19:17Z" finished-at="2019-08-06T18:19:17Z">
          <reporter-output>
          </reporter-output>
        </test-method> <!-- logout -->
        <test-method status="PASS" signature="login()[pri:0, instance:com.test.TestNGBasics@1593948d]" name="login" is-config="true" duration-ms="1" started-at="2019-08-06T18:19:17Z" finished-at="2019-08-06T18:19:17Z">
          <reporter-output>
          </reporter-output>
        </test-method> <!-- login -->
        <test-method status="PASS" signature="searchTest()[pri:0, instance:com.test.TestNGBasics@1593948d]" name="searchTest" duration-ms="3" started-at="2019-08-06T18:19:17Z" finished-at="2019-08-06T18:19:17Z">
          <reporter-output>
          </reporter-output>
        </test-method> <!-- searchTest -->
        <test-method status="PASS" signature="logout()[pri:0, instance:com.test.TestNGBasics@1593948d]" name="logout" is-config="true" duration-ms="5" started-at="2019-08-06T18:19:17Z" finished-at="2019-08-06T18:19:17Z">
          <reporter-output>
          </reporter-output>
        </test-method> <!-- logout -->
        <test-method status="PASS" signature="closeBrowser()[pri:0, instance:com.test.TestNGBasics@1593948d]" name="closeBrowser" is-config="true" duration-ms="0" started-at="2019-08-06T18:19:17Z" finished-at="2019-08-06T18:19:17Z">
          <reporter-output>
          </reporter-output>
        </test-method> <!-- closeBrowser -->
        <test-method status="PASS" signature="deleteAllCookies()[pri:0, instance:com.test.TestNGBasics@1593948d]" name="deleteAllCookies" is-config="true" duration-ms="0" started-at="2019-08-06T18:19:17Z" finished-at="2019-08-06T18:19:17Z">
          <reporter-output>
          </reporter-output>
        </test-method> <!-- deleteAllCookies -->
        <test-method status="PASS" signature="deleteAllCookies()[pri:0, instance:com.test.TestNGBasics2@1b604f19]" name="deleteAllCookies" is-config="true" duration-ms="1" started-at="2019-08-06T18:19:17Z" finished-at="2019-08-06T18:19:17Z">
          <reporter-output>
          </reporter-output>
        </test-method> <!-- deleteAllCookies -->
      </class> <!-- com.test.TestNGBasics -->
      <class name="com.test.TestNGBasics2">
        <test-method status="PASS" signature="enterURL()[pri:0, instance:com.test.TestNGBasics2@1b604f19]" name="enterURL" is-config="true" duration-ms="1" started-at="2019-08-06T18:19:17Z" finished-at="2019-08-06T18:19:17Z">
          <reporter-output>
          </reporter-output>
        </test-method> <!-- enterURL -->
        <test-method status="PASS" signature="login()[pri:0, instance:com.test.TestNGBasics2@1b604f19]" name="login" is-config="true" duration-ms="0" started-at="2019-08-06T18:19:17Z" finished-at="2019-08-06T18:19:17Z">
          <reporter-output>
          </reporter-output>
        </test-method> <!-- login -->
        <test-method status="PASS" signature="googleLogoTest()[pri:0, instance:com.test.TestNGBasics2@1b604f19]" name="googleLogoTest" duration-ms="3" started-at="2019-08-06T18:19:17Z" finished-at="2019-08-06T18:19:17Z">
          <reporter-output>
          </reporter-output>
        </test-method> <!-- googleLogoTest -->
        <test-method status="PASS" signature="logout()[pri:0, instance:com.test.TestNGBasics2@1b604f19]" name="logout" is-config="true" duration-ms="1" started-at="2019-08-06T18:19:17Z" finished-at="2019-08-06T18:19:17Z">
          <reporter-output>
          </reporter-output>
        </test-method> <!-- logout -->
        <test-method status="PASS" signature="login()[pri:0, instance:com.test.TestNGBasics2@1b604f19]" name="login" is-config="true" duration-ms="1" started-at="2019-08-06T18:19:17Z" finished-at="2019-08-06T18:19:17Z">
          <reporter-output>
          </reporter-output>
        </test-method> <!-- login -->
        <test-method status="PASS" signature="googleTitleTest()[pri:0, instance:com.test.TestNGBasics2@1b604f19]" name="googleTitleTest" duration-ms="4" started-at="2019-08-06T18:19:17Z" finished-at="2019-08-06T18:19:17Z">
          <reporter-output>
          </reporter-output>
        </test-method> <!-- googleTitleTest -->
        <test-method status="PASS" signature="logout()[pri:0, instance:com.test.TestNGBasics2@1b604f19]" name="logout" is-config="true" duration-ms="1" started-at="2019-08-06T18:19:17Z" finished-at="2019-08-06T18:19:17Z">
          <reporter-output>
          </reporter-output>
        </test-method> <!-- logout -->
        <test-method status="PASS" signature="searchTest()[pri:0, instance:com.test.TestNGBasics2@1b604f19]" name="searchTest" duration-ms="2" started-at="2019-08-06T18:19:17Z" finished-at="2019-08-06T18:19:17Z">
          <reporter-output>
          </reporter-output>
        </test-method> <!-- searchTest -->
        <test-method status="PASS" signature="login()[pri:0, instance:com.test.TestNGBasics2@1b604f19]" name="login" is-config="true" duration-ms="0" started-at="2019-08-06T18:19:17Z" finished-at="2019-08-06T18:19:17Z">
          <reporter-output>
          </reporter-output>
        </test-method> <!-- login -->
        <test-method status="PASS" signature="closeBrowser()[pri:0, instance:com.test.TestNGBasics2@1b604f19]" name="closeBrowser" is-config="true" duration-ms="0" started-at="2019-08-06T18:19:17Z" finished-at="2019-08-06T18:19:17Z">
          <reporter-output>
          </reporter-output>
        </test-method> <!-- closeBrowser -->
        <test-method status="PASS" signature="logout()[pri:0, instance:com.test.TestNGBasics2@1b604f19]" name="logout" is-config="true" duration-ms="0" started-at="2019-08-06T18:19:17Z" finished-at="2019-08-06T18:19:17Z">
          <reporter-output>
          </reporter-output>
        </test-method> <!-- logout -->
      </class> <!-- com.test.TestNGBasics2 -->
    </test> <!-- Google testing unittest -->
    <test name="Google testing acceptancetest" duration-ms="31" started-at="2019-08-06T18:19:17Z" finished-at="2019-08-06T18:19:17Z">
      <class name="com.test.TestNGBasics">
        <test-method status="PASS" signature="setUp()[pri:0, instance:com.test.TestNGBasics@1593948d]" name="setUp" is-config="true" duration-ms="22" started-at="2019-08-06T18:19:17Z" finished-at="2019-08-06T18:19:17Z">
          <reporter-output>
          </reporter-output>
        </test-method> <!-- setUp -->
        <test-method status="PASS" signature="setUp()[pri:0, instance:com.test.TestNGBasics2@1b604f19]" name="setUp" is-config="true" duration-ms="0" started-at="2019-08-06T18:19:17Z" finished-at="2019-08-06T18:19:17Z">
          <reporter-output>
          </reporter-output>
        </test-method> <!-- setUp -->
        <test-method status="PASS" signature="setUp()[pri:0, instance:com.test.TestNGBasics3@66a3ffec]" name="setUp" is-config="true" duration-ms="1" started-at="2019-08-06T18:19:17Z" finished-at="2019-08-06T18:19:17Z">
          <reporter-output>
          </reporter-output>
        </test-method> <!-- setUp -->
      </class> <!-- com.test.TestNGBasics -->
      <class name="com.test.TestNGBasics3">
        <test-method status="PASS" signature="launchBrowser()[pri:0, instance:com.test.TestNGBasics3@66a3ffec]" name="launchBrowser" is-config="true" duration-ms="0" started-at="2019-08-06T18:19:17Z" finished-at="2019-08-06T18:19:17Z">
          <reporter-output>
          </reporter-output>
        </test-method> <!-- launchBrowser -->
        <test-method status="PASS" signature="enterURL()[pri:0, instance:com.test.TestNGBasics3@66a3ffec]" name="enterURL" is-config="true" duration-ms="0" started-at="2019-08-06T18:19:17Z" finished-at="2019-08-06T18:19:17Z">
          <reporter-output>
          </reporter-output>
        </test-method> <!-- enterURL -->
        <test-method status="PASS" signature="login()[pri:0, instance:com.test.TestNGBasics3@66a3ffec]" name="login" is-config="true" duration-ms="0" started-at="2019-08-06T18:19:17Z" finished-at="2019-08-06T18:19:17Z">
          <reporter-output>
          </reporter-output>
        </test-method> <!-- login -->
        <test-method status="PASS" signature="googleLogoTest()[pri:0, instance:com.test.TestNGBasics3@66a3ffec]" name="googleLogoTest" duration-ms="2" started-at="2019-08-06T18:19:17Z" finished-at="2019-08-06T18:19:17Z">
          <reporter-output>
          </reporter-output>
        </test-method> <!-- googleLogoTest -->
        <test-method status="PASS" signature="logout()[pri:0, instance:com.test.TestNGBasics3@66a3ffec]" name="logout" is-config="true" duration-ms="0" started-at="2019-08-06T18:19:17Z" finished-at="2019-08-06T18:19:17Z">
          <reporter-output>
          </reporter-output>
        </test-method> <!-- logout -->
        <test-method status="PASS" signature="login()[pri:0, instance:com.test.TestNGBasics3@66a3ffec]" name="login" is-config="true" duration-ms="0" started-at="2019-08-06T18:19:17Z" finished-at="2019-08-06T18:19:17Z">
          <reporter-output>
          </reporter-output>
        </test-method> <!-- login -->
        <test-method status="PASS" signature="googleTitleTest()[pri:0, instance:com.test.TestNGBasics3@66a3ffec]" name="googleTitleTest" duration-ms="2" started-at="2019-08-06T18:19:17Z" finished-at="2019-08-06T18:19:17Z">
          <reporter-output>
          </reporter-output>
        </test-method> <!-- googleTitleTest -->
        <test-method status="PASS" signature="logout()[pri:0, instance:com.test.TestNGBasics3@66a3ffec]" name="logout" is-config="true" duration-ms="0" started-at="2019-08-06T18:19:17Z" finished-at="2019-08-06T18:19:17Z">
          <reporter-output>
          </reporter-output>
        </test-method> <!-- logout -->
        <test-method status="PASS" signature="searchTest()[pri:0, instance:com.test.TestNGBasics3@66a3ffec]" name="searchTest" duration-ms="6" started-at="2019-08-06T18:19:17Z" finished-at="2019-08-06T18:19:17Z">
          <reporter-output>
          </reporter-output>
        </test-method> <!-- searchTest -->
        <test-method status="PASS" signature="login()[pri:0, instance:com.test.TestNGBasics3@66a3ffec]" name="login" is-config="true" duration-ms="0" started-at="2019-08-06T18:19:17Z" finished-at="2019-08-06T18:19:17Z">
          <reporter-output>
          </reporter-output>
        </test-method> <!-- login -->
        <test-method status="PASS" signature="logout()[pri:0, instance:com.test.TestNGBasics3@66a3ffec]" name="logout" is-config="true" duration-ms="1" started-at="2019-08-06T18:19:17Z" finished-at="2019-08-06T18:19:17Z">
          <reporter-output>
          </reporter-output>
        </test-method> <!-- logout -->
        <test-method status="PASS" signature="deleteAllCookies()[pri:0, instance:com.test.TestNGBasics3@66a3ffec]" name="deleteAllCookies" is-config="true" duration-ms="1" started-at="2019-08-06T18:19:17Z" finished-at="2019-08-06T18:19:17Z">
          <reporter-output>
          </reporter-output>
        </test-method> <!-- deleteAllCookies -->
        <test-method status="PASS" signature="closeBrowser()[pri:0, instance:com.test.TestNGBasics3@66a3ffec]" name="closeBrowser" is-config="true" duration-ms="0" started-at="2019-08-06T18:19:17Z" finished-at="2019-08-06T18:19:17Z">
          <reporter-output>
          </reporter-output>
        </test-method> <!-- closeBrowser -->
      </class> <!-- com.test.TestNGBasics3 -->
    </test> <!-- Google testing acceptancetest -->
  </suite> <!-- Google App Test Automation Suite -->
</testng-results>
