<?xml version="1.0" encoding="UTF-8"?>
<!-- Generated by org.testng.reporters.JUnitXMLReporter -->
<testsuite hostname="MSC-PC04L71H" ignored="0" name="Google testing unittest(failed)(failed)" tests="4" failures="0" timestamp="05 Aug 2019 16:31:37 GMT" time="0.076" errors="0">
  <testcase name="loginTest" time="0.012" classname="com.test.testNGFeatures"/>
  <testcase name="homePageTest" time="0.0" classname="com.test.testNGFeatures"/>
  <testcase name="regPageTest" time="0.0" classname="com.test.testNGFeatures"/>
  <testcase name="searchPageTest" time="0.0" classname="com.test.testNGFeatures"/>
</testsuite> <!-- Google testing unittest(failed)(failed) -->
