<?xml version="1.0" encoding="UTF-8"?>
<!-- Generated by org.testng.reporters.JUnitXMLReporter -->
<testsuite hostname="MSC-PC04L71H" ignored="2" name="Google testing unittest(failed)" tests="2" failures="0" timestamp="05 Aug 2019 16:34:25 GMT" time="0.049" errors="0">
  <testcase name="loginTest" time="0.016" classname="com.test.testNGFeatures"/>
  <testcase name="homePageTest" time="0.001" classname="com.test.testNGFeatures"/>
  <testcase name="searchPageTest" time="0.0" classname="com.test.testNGFeatures">
    <ignored/>
  </testcase> <!-- searchPageTest -->
  <testcase name="regPageTest" time="0.0" classname="com.test.testNGFeatures">
    <ignored/>
  </testcase> <!-- regPageTest -->
</testsuite> <!-- Google testing unittest(failed) -->
