<?xml version="1.0" encoding="UTF-8"?>
<!-- Generated by org.testng.reporters.JUnitXMLReporter -->
<testsuite hostname="MSC-PC04L71H" ignored="0" name="Google testing unittest" tests="6" failures="0" timestamp="06 Aug 2019 18:19:17 GMT" time="0.11" errors="0">
  <testcase name="googleLogoTest" time="0.012" classname="com.test.TestNGBasics"/>
  <testcase name="googleTitleTest" time="0.01" classname="com.test.TestNGBasics"/>
  <testcase name="searchTest" time="0.003" classname="com.test.TestNGBasics"/>
  <testcase name="googleLogoTest" time="0.003" classname="com.test.TestNGBasics2"/>
  <testcase name="googleTitleTest" time="0.004" classname="com.test.TestNGBasics2"/>
  <testcase name="searchTest" time="0.002" classname="com.test.TestNGBasics2"/>
</testsuite> <!-- Google testing unittest -->
