<?xml version="1.0" encoding="UTF-8"?>
<!-- Generated by org.testng.reporters.JUnitXMLReporter -->
<testsuite hostname="MSC-PC04L71H" ignored="0" name="Google testing acceptancetesting" tests="4" failures="0" timestamp="30 Jul 2019 16:24:37 GMT" time="0.012" errors="0">
  <testcase name="loginTest" time="0.0" classname="com.test.testNGFeatures"/>
  <testcase name="homePageTest" time="0.0" classname="com.test.testNGFeatures"/>
  <testcase name="regPageTest" time="0.0" classname="com.test.testNGFeatures"/>
  <testcase name="searchPageTest" time="0.0" classname="com.test.testNGFeatures"/>
</testsuite> <!-- Google testing acceptancetesting -->
