<?xml version="1.0" encoding="UTF-8"?>
<!-- Generated by org.testng.reporters.JUnitXMLReporter -->
<testsuite hostname="MSC-PC04L71H" ignored="0" name="Google testing AcceptanceTest" tests="3" failures="0" timestamp="30 Jul 2019 20:32:20 GMT" time="0.016" errors="0">
  <testcase name="googleLogoTest" time="0.0" classname="com.test.TestNGBasics3"/>
  <testcase name="googleTitleTest" time="0.0" classname="com.test.TestNGBasics3"/>
  <testcase name="searchTest" time="0.0" classname="com.test.TestNGBasics3"/>
</testsuite> <!-- Google testing AcceptanceTest -->
