<?xml version="1.0" encoding="UTF-8"?>
<!-- Generated by org.testng.reporters.JUnitXMLReporter -->
<testsuite hostname="MSC-PC04L71H" ignored="0" name="GoogleTitleTest" tests="11" failures="0" timestamp="26 Jul 2019 16:11:36 GMT" time="0.159" errors="0">
  <testcase name="sum" time="0.008" classname="com.test.invocationCountTest"/>
  <testcase name="sum" time="0.006" classname="com.test.invocationCountTest"/>
  <testcase name="sum" time="0.007" classname="com.test.invocationCountTest"/>
  <testcase name="sum" time="0.005" classname="com.test.invocationCountTest"/>
  <testcase name="sum" time="0.007" classname="com.test.invocationCountTest"/>
  <testcase name="sum" time="0.013" classname="com.test.invocationCountTest"/>
  <testcase name="sum" time="0.004" classname="com.test.invocationCountTest"/>
  <testcase name="sum" time="0.002" classname="com.test.invocationCountTest"/>
  <testcase name="sum" time="0.001" classname="com.test.invocationCountTest"/>
  <testcase name="sum" time="0.001" classname="com.test.invocationCountTest"/>
  <testcase name="loginTest" time="0.002" classname="com.test.testNGFeatures"/>
</testsuite> <!-- GoogleTitleTest -->
