<?xml version="1.0" encoding="UTF-8"?>
<!-- Generated by org.testng.reporters.JUnitXMLReporter -->
<testsuite hostname="MSC-PC04L71H" ignored="0" name="Google testing AcceptanceTest" tests="3" failures="0" timestamp="14 Aug 2019 19:33:23 GMT" time="0.014" errors="0">
  <testcase name="googleLogoTest" time="0.001" classname="com.test.TestNGBasics3"/>
  <testcase name="googleTitleTest" time="0.001" classname="com.test.TestNGBasics3"/>
  <testcase name="searchTest" time="0.001" classname="com.test.TestNGBasics3"/>
</testsuite> <!-- Google testing AcceptanceTest -->
